[    0.000000] Linux version 4.15.0-173-generic (buildd@lcy02-amd64-094) (gcc version 7.5.0 (Ubuntu 7.5.0-3ubuntu1~18.04)) #182-Ubuntu SMP Fri Mar 18 15:53:46 UTC 2022 (Ubuntu 4.15.0-173.182-generic 4.15.18)
[    0.000000] Command line: BOOT_IMAGE=/boot/vmlinuz-4.15.0-173-generic root=LABEL=cloudimg-rootfs ro console=tty1 console=ttyS0
[    0.000000] KERNEL supported cpus:
[    0.000000]   Intel GenuineIntel
[    0.000000]   AMD AuthenticAMD
[    0.000000]   Centaur CentaurHauls
[    0.000000] x86/fpu: Supporting XSAVE feature 0x001: 'x87 floating point registers'
[    0.000000] x86/fpu: Supporting XSAVE feature 0x002: 'SSE registers'
[    0.000000] x86/fpu: Supporting XSAVE feature 0x004: 'AVX registers'
[    0.000000] x86/fpu: xstate_offset[2]:  576, xstate_sizes[2]:  256
[    0.000000] x86/fpu: Enabled xstate features 0x7, context size is 832 bytes, using 'standard' format.
[    0.000000] e820: BIOS-provided physical RAM map:
[    0.000000] BIOS-e820: [mem 0x0000000000000000-0x000000000009fbff] usable
[    0.000000] BIOS-e820: [mem 0x000000000009fc00-0x000000000009ffff] reserved
[    0.000000] BIOS-e820: [mem 0x00000000000f0000-0x00000000000fffff] reserved
[    0.000000] BIOS-e820: [mem 0x0000000000100000-0x00000000445effff] usable
[    0.000000] BIOS-e820: [mem 0x00000000445f0000-0x00000000445fffff] ACPI data
[    0.000000] BIOS-e820: [mem 0x00000000fec00000-0x00000000fec00fff] reserved
[    0.000000] BIOS-e820: [mem 0x00000000fee00000-0x00000000fee00fff] reserved
[    0.000000] BIOS-e820: [mem 0x00000000fffc0000-0x00000000ffffffff] reserved
[    0.000000] NX (Execute Disable) protection: active
[    0.000000] SMBIOS 2.5 present.
[    0.000000] DMI: innotek GmbH VirtualBox/VirtualBox, BIOS VirtualBox 12/01/2006
[    0.000000] Hypervisor detected: KVM
[    0.000000] e820: last_pfn = 0x445f0 max_arch_pfn = 0x400000000
[    0.000000] MTRR: Disabled
[    0.000000] x86/PAT: MTRRs disabled, skipping PAT initialization too.
[    0.000000] CPU MTRRs all blank - virtualized system.
[    0.000000] x86/PAT: Configuration [0-7]: WB  WT  UC- UC  WB  WT  UC- UC  
[    0.000000] found SMP MP-table at [mem 0x0009fff0-0x0009ffff]
[    0.000000] Scanning 1 areas for low memory corruption
[    0.000000] RAMDISK: [mem 0x359cb000-0x36cdcfff]
[    0.000000] ACPI: Early table checksum verification disabled
[    0.000000] ACPI: RSDP 0x00000000000E0000 000024 (v02 VBOX  )
[    0.000000] ACPI: XSDT 0x00000000445F0030 00003C (v01 VBOX   VBOXXSDT 00000001 ASL  00000061)
[    0.000000] ACPI: FACP 0x00000000445F00F0 0000F4 (v04 VBOX   VBOXFACP 00000001 ASL  00000061)
[    0.000000] ACPI: DSDT 0x00000000445F0470 002325 (v02 VBOX   VBOXBIOS 00000002 INTL 20190509)
[    0.000000] ACPI: FACS 0x00000000445F0200 000040
[    0.000000] ACPI: FACS 0x00000000445F0200 000040
[    0.000000] ACPI: APIC 0x00000000445F0240 000054 (v02 VBOX   VBOXAPIC 00000001 ASL  00000061)
[    0.000000] ACPI: SSDT 0x00000000445F02A0 0001CC (v01 VBOX   VBOXCPUT 00000002 INTL 20190509)
[    0.000000] ACPI: Reserving FACP table memory at [mem 0x445f00f0-0x445f01e3]
[    0.000000] ACPI: Reserving DSDT table memory at [mem 0x445f0470-0x445f2794]
[    0.000000] ACPI: Reserving FACS table memory at [mem 0x445f0200-0x445f023f]
[    0.000000] ACPI: Reserving FACS table memory at [mem 0x445f0200-0x445f023f]
[    0.000000] ACPI: Reserving APIC table memory at [mem 0x445f0240-0x445f0293]
[    0.000000] ACPI: Reserving SSDT table memory at [mem 0x445f02a0-0x445f046b]
[    0.000000] No NUMA configuration found
[    0.000000] Faking a node at [mem 0x0000000000000000-0x00000000445effff]
[    0.000000] NODE_DATA(0) allocated [mem 0x445c5000-0x445effff]
[    0.000000] kvm-clock: cpu 0, msr 0:44544001, primary cpu clock
[    0.000000] kvm-clock: Using msrs 4b564d01 and 4b564d00
[    0.000000] kvm-clock: using sched offset of 3641196064 cycles
[    0.000000] clocksource: kvm-clock: mask: 0xffffffffffffffff max_cycles: 0x1cd42e4dffb, max_idle_ns: 881590591483 ns
[    0.000000] Zone ranges:
[    0.000000]   DMA      [mem 0x0000000000001000-0x0000000000ffffff]
[    0.000000]   DMA32    [mem 0x0000000001000000-0x00000000445effff]
[    0.000000]   Normal   empty
[    0.000000]   Device   empty
[    0.000000] Movable zone start for each node
[    0.000000] Early memory node ranges
[    0.000000]   node   0: [mem 0x0000000000001000-0x000000000009efff]
[    0.000000]   node   0: [mem 0x0000000000100000-0x00000000445effff]
[    0.000000] Reserved but unavailable: 104 pages
[    0.000000] Initmem setup node 0 [mem 0x0000000000001000-0x00000000445effff]
[    0.000000] ACPI: PM-Timer IO Port: 0x4008
[    0.000000] IOAPIC[0]: apic_id 1, version 32, address 0xfec00000, GSI 0-23
[    0.000000] ACPI: INT_SRC_OVR (bus 0 bus_irq 0 global_irq 2 dfl dfl)
[    0.000000] ACPI: INT_SRC_OVR (bus 0 bus_irq 9 global_irq 9 low level)
[    0.000000] Using ACPI (MADT) for SMP configuration information
[    0.000000] smpboot: Allowing 1 CPUs, 0 hotplug CPUs
[    0.000000] PM: Registered nosave memory: [mem 0x00000000-0x00000fff]
[    0.000000] PM: Registered nosave memory: [mem 0x0009f000-0x0009ffff]
[    0.000000] PM: Registered nosave memory: [mem 0x000a0000-0x000effff]
[    0.000000] PM: Registered nosave memory: [mem 0x000f0000-0x000fffff]
[    0.000000] e820: [mem 0x44600000-0xfebfffff] available for PCI devices
[    0.000000] Booting paravirtualized kernel on KVM
[    0.000000] clocksource: refined-jiffies: mask: 0xffffffff max_cycles: 0xffffffff, max_idle_ns: 7645519600211568 ns
[    0.000000] random: get_random_bytes called from start_kernel+0x99/0x500 with crng_init=0
[    0.000000] setup_percpu: NR_CPUS:8192 nr_cpumask_bits:1 nr_cpu_ids:1 nr_node_ids:1
[    0.000000] percpu: Embedded 50 pages/cpu s167936 r8192 d28672 u2097152
[    0.000000] PV qspinlock hash table entries: 256 (order: 0, 4096 bytes)
[    0.000000] Built 1 zonelists, mobility grouping on.  Total pages: 275553
[    0.000000] Policy zone: DMA32
[    0.000000] Kernel command line: BOOT_IMAGE=/boot/vmlinuz-4.15.0-173-generic root=LABEL=cloudimg-rootfs ro console=tty1 console=ttyS0
[    0.000000] Memory: 1052480K/1119800K available (12300K kernel code, 2484K rwdata, 4324K rodata, 2468K init, 2724K bss, 67320K reserved, 0K cma-reserved)
[    0.000000] SLUB: HWalign=64, Order=0-3, MinObjects=0, CPUs=1, Nodes=1
[    0.000000] Kernel/User page tables isolation: enabled
[    0.000000] ftrace: allocating 39503 entries in 155 pages
[    0.004000] Hierarchical RCU implementation.
[    0.004000] 	RCU restricting CPUs from NR_CPUS=8192 to nr_cpu_ids=1.
[    0.004000] 	Tasks RCU enabled.
[    0.004000] RCU: Adjusting geometry for rcu_fanout_leaf=16, nr_cpu_ids=1
[    0.004000] NR_IRQS: 524544, nr_irqs: 256, preallocated irqs: 16
[    0.004000] Console: colour VGA+ 80x25
[    0.004000] console [tty1] enabled
[    0.004000] console [ttyS0] enabled
[    0.004000] ACPI: Core revision 20170831
[    0.004000] ACPI: 2 ACPI AML tables successfully acquired and loaded
[    0.004000] APIC: Switch to symmetric I/O mode setup
[    0.004000] x2apic enabled
[    0.004000] Switched APIC routing to physical x2apic.
[    0.004000] ..TIMER: vector=0x30 apic1=0 pin1=2 apic2=-1 pin2=-1
[    0.004003] tsc: Detected 3178.330 MHz processor
[    0.004759] Calibrating delay loop (skipped) preset value.. 6356.66 BogoMIPS (lpj=12713320)
[    0.005145] pid_max: default: 32768 minimum: 301
[    0.006035] Security Framework initialized
[    0.006607] Yama: becoming mindful.
[    0.008018] AppArmor: AppArmor initialized
[    0.009247] Dentry cache hash table entries: 262144 (order: 9, 2097152 bytes)
[    0.011322] Inode-cache hash table entries: 131072 (order: 8, 1048576 bytes)
[    0.012021] Mount-cache hash table entries: 4096 (order: 3, 32768 bytes)
[    0.013026] Mountpoint-cache hash table entries: 4096 (order: 3, 32768 bytes)
[    0.014320] process: using mwait in idle threads
[    0.015127] Last level iTLB entries: 4KB 128, 2MB 8, 4MB 8
[    0.016001] Last level dTLB entries: 4KB 64, 2MB 0, 4MB 0, 1GB 4
[    0.016801] Spectre V1 : Mitigation: usercopy/swapgs barriers and __user pointer sanitization
[    0.018009] Spectre V2 : Mitigation: Retpolines
[    0.018851] Spectre V2 : Spectre v2 / SpectreRSB mitigation: Filling RSB on context switch
[    0.020001] Speculative Store Bypass: Vulnerable
[    0.020713] SRBDS: Unknown: Dependent on hypervisor status
[    0.021492] MDS: Mitigation: Clear CPU buffers
[    0.036226] Freeing SMP alternatives memory: 36K
[    0.145234] smpboot: CPU0: Intel(R) Core(TM) i5-6500 CPU @ 3.20GHz (family: 0x6, model: 0x5e, stepping: 0x3)
[    0.146940] Performance Events: unsupported p6 CPU model 94 no PMU driver, software events only.
[    0.148000] Hierarchical SRCU implementation.
[    0.148689] NMI watchdog: Perf event create on CPU 0 failed with -2
[    0.149644] NMI watchdog: Perf NMI watchdog permanently disabled
[    0.150560] smp: Bringing up secondary CPUs ...
[    0.151264] smp: Brought up 1 node, 1 CPU
[    0.152002] smpboot: Max logical packages: 1
[    0.152595] smpboot: Total of 1 processors activated (6356.66 BogoMIPS)
[    0.153564] devtmpfs: initialized
[    0.154101] x86/mm: Memory block size: 128MB
[    0.154826] evm: security.selinux
[    0.155413] evm: security.SMACK64
[    0.156003] evm: security.SMACK64EXEC
[    0.156522] evm: security.SMACK64TRANSMUTE
[    0.157106] evm: security.SMACK64MMAP
[    0.157624] evm: security.apparmor
[    0.158122] evm: security.ima
[    0.158557] evm: security.capability
[    0.159151] clocksource: jiffies: mask: 0xffffffff max_cycles: 0xffffffff, max_idle_ns: 7645041785100000 ns
[    0.160005] futex hash table entries: 256 (order: 2, 16384 bytes)
[    0.160992] pinctrl core: initialized pinctrl subsystem
[    0.161799] RTC time: 12:32:23, date: 04/08/22
[    0.162533] NET: Registered protocol family 16
[    0.164063] audit: initializing netlink subsys (disabled)
[    0.164930] cpuidle: using governor ladder
[    0.165593] cpuidle: using governor menu
[    0.166238] ACPI: bus type PCI registered
[    0.166817] acpiphp: ACPI Hot Plug PCI Controller Driver version: 0.5
[    0.167746] PCI: Using configuration type 1 for base access
[    0.168025] audit: type=2000 audit(1649421149.083:1): state=initialized audit_enabled=0 res=1
[    0.170103] HugeTLB registered 2.00 MiB page size, pre-allocated 0 pages
[    0.171319] ACPI: Added _OSI(Module Device)
[    0.172003] ACPI: Added _OSI(Processor Device)
[    0.172633] ACPI: Added _OSI(3.0 _SCP Extensions)
[    0.173279] ACPI: Added _OSI(Processor Aggregator Device)
[    0.174009] ACPI: Added _OSI(Linux-Dell-Video)
[    0.174639] ACPI: Added _OSI(Linux-Lenovo-NV-HDMI-Audio)
[    0.176006] ACPI: Added _OSI(Linux-HPI-Hybrid-Graphics)
[    0.176943] ACPI: Executed 1 blocks of module-level executable AML code
[    0.180834] ACPI: Interpreter enabled
[    0.181564] ACPI: (supports S0 S5)
[    0.182057] ACPI: Using IOAPIC for interrupt routing
[    0.183045] PCI: Using host bridge windows from ACPI; if necessary, use "pci=nocrs" and report a bug
[    0.184136] ACPI: Enabled 2 GPEs in block 00 to 07
[    0.189616] ACPI: PCI Root Bridge [PCI0] (domain 0000 [bus 00-ff])
[    0.190642] acpi PNP0A03:00: _OSC: OS supports [ASPM ClockPM Segments MSI]
[    0.192000] acpi PNP0A03:00: _OSC: not requesting OS control; OS requires [ExtendedConfig ASPM ClockPM MSI]
[    0.192009] acpi PNP0A03:00: fail to add MMCONFIG information, can't access extended PCI configuration space under this bridge.
[    0.193865] PCI host bridge to bus 0000:00
[    0.195334] pci_bus 0000:00: root bus resource [io  0x0000-0x0cf7 window]
[    0.196000] pci_bus 0000:00: root bus resource [io  0x0d00-0xffff window]
[    0.196007] pci_bus 0000:00: root bus resource [mem 0x000a0000-0x000bffff window]
[    0.197583] pci_bus 0000:00: root bus resource [mem 0x44600000-0xfdffffff window]
[    0.198732] pci_bus 0000:00: root bus resource [bus 00-ff]
[    0.201302] pci 0000:00:01.1: legacy IDE quirk: reg 0x10: [io  0x01f0-0x01f7]
[    0.202363] pci 0000:00:01.1: legacy IDE quirk: reg 0x14: [io  0x03f6]
[    0.203380] pci 0000:00:01.1: legacy IDE quirk: reg 0x18: [io  0x0170-0x0177]
[    0.204002] pci 0000:00:01.1: legacy IDE quirk: reg 0x1c: [io  0x0376]
[    0.216941] pci 0000:00:07.0: quirk: [io  0x4000-0x403f] claimed by PIIX4 ACPI
[    0.218165] pci 0000:00:07.0: quirk: [io  0x4100-0x410f] claimed by PIIX4 SMB
[    0.226638] ACPI: PCI Interrupt Link [LNKA] (IRQs 5 9 10 *11)
[    0.228083] ACPI: PCI Interrupt Link [LNKB] (IRQs 5 9 *10 11)
[    0.229048] ACPI: PCI Interrupt Link [LNKC] (IRQs 5 *9 10 11)
[    0.229985] ACPI: PCI Interrupt Link [LNKD] (IRQs 5 9 10 *11)
[    0.231226] SCSI subsystem initialized
[    0.231904] pci 0000:00:02.0: vgaarb: setting as boot VGA device
[    0.232000] pci 0000:00:02.0: vgaarb: VGA device added: decodes=io+mem,owns=io+mem,locks=none
[    0.232003] pci 0000:00:02.0: vgaarb: bridge control possible
[    0.232916] vgaarb: loaded
[    0.233367] ACPI: bus type USB registered
[    0.233977] usbcore: registered new interface driver usbfs
[    0.236012] usbcore: registered new interface driver hub
[    0.236738] usbcore: registered new device driver usb
[    0.237472] EDAC MC: Ver: 3.0.0
[    0.238196] PCI: Using ACPI for IRQ routing
[    0.239093] NetLabel: Initializing
[    0.240002] NetLabel:  domain hash size = 128
[    0.240611] NetLabel:  protocols = UNLABELED CIPSOv4 CALIPSO
[    0.241423] NetLabel:  unlabeled traffic allowed by default
[    0.242375] clocksource: Switched to clocksource kvm-clock
[    0.250046] VFS: Disk quotas dquot_6.6.0
[    0.250771] VFS: Dquot-cache hash table entries: 512 (order 0, 4096 bytes)
[    0.251777] AppArmor: AppArmor Filesystem Enabled
[    0.252596] pnp: PnP ACPI init
[    0.253907] pnp: PnP ACPI: found 3 devices
[    0.262094] clocksource: acpi_pm: mask: 0xffffff max_cycles: 0xffffff, max_idle_ns: 2085701024 ns
[    0.263537] NET: Registered protocol family 2
[    0.264297] IP idents hash table entries: 32768 (order: 6, 262144 bytes)
[    0.265471] TCP established hash table entries: 16384 (order: 5, 131072 bytes)
[    0.266650] TCP bind hash table entries: 16384 (order: 6, 262144 bytes)
[    0.267642] TCP: Hash tables configured (established 16384 bind 16384)
[    0.268647] UDP hash table entries: 1024 (order: 3, 32768 bytes)
[    0.269487] UDP-Lite hash table entries: 1024 (order: 3, 32768 bytes)
[    0.270424] NET: Registered protocol family 1
[    0.271121] pci 0000:00:00.0: Limiting direct PCI/PCI transfers
[    0.271941] pci 0000:00:01.0: Activating ISA DMA hang workarounds
[    0.272956] pci 0000:00:02.0: Video device with shadowed ROM at [mem 0x000c0000-0x000dffff]
[    0.274158] Unpacking initramfs...
[    0.529427] Freeing initrd memory: 19528K
[    0.533545] clocksource: tsc: mask: 0xffffffffffffffff max_cycles: 0x2dd053817e9, max_idle_ns: 440795347515 ns
[    0.534912] platform rtc_cmos: registered platform RTC device (no PNP device found)
[    0.536010] Scanning for low memory corruption every 60 seconds
[    0.537369] Initialise system trusted keyrings
[    0.538161] Key type blacklist registered
[    0.538778] workingset: timestamp_bits=36 max_order=19 bucket_order=0
[    0.540476] zbud: loaded
[    0.541295] squashfs: version 4.0 (2009/01/31) Phillip Lougher
[    0.542307] fuse init (API version 7.26)
[    0.544000] Key type asymmetric registered
[    0.544227] Asymmetric key parser 'x509' registered
[    0.547184] Block layer SCSI generic (bsg) driver version 0.4 loaded (major 246)
[    0.548264] io scheduler noop registered
[    0.548852] io scheduler deadline registered
[    0.549466] io scheduler cfq registered (default)
[    0.550333] ACPI: AC Adapter [AC] (on-line)
[    0.551143] input: Power Button as /devices/LNXSYSTM:00/LNXPWRBN:00/input/input0
[    0.552427] ACPI: Power Button [PWRF]
[    0.553112] input: Sleep Button as /devices/LNXSYSTM:00/LNXSLPBN:00/input/input1
[    0.554134] ACPI: Sleep Button [SLPF]
[    0.555017] Serial: 8250/16550 driver, 32 ports, IRQ sharing enabled
[    0.576565] 00:02: ttyS0 at I/O 0x3f8 (irq = 4, base_baud = 115200) is a 16550A
[    0.579071] Linux agpgart interface v0.103
[    0.580443] loop: module loaded
[    0.581471] scsi host0: ata_piix
[    0.582046] scsi host1: ata_piix
[    0.582540] ata1: PATA max UDMA/33 cmd 0x1f0 ctl 0x3f6 bmdma 0xd000 irq 14
[    0.583460] ata2: PATA max UDMA/33 cmd 0x170 ctl 0x376 bmdma 0xd008 irq 15
[    0.584614] tun: Universal TUN/TAP device driver, 1.6
[    0.585450] PPP generic driver version 2.4.2
[    0.586163] ehci_hcd: USB 2.0 'Enhanced' Host Controller (EHCI) Driver
[    0.587038] ehci-pci: EHCI PCI platform driver
[    0.587719] ehci-platform: EHCI generic platform driver
[    0.588612] ohci_hcd: USB 1.1 'Open' Host Controller (OHCI) Driver
[    0.589520] ohci-pci: OHCI PCI platform driver
[    0.590236] ohci-platform: OHCI generic platform driver
[    0.590961] uhci_hcd: USB Universal Host Controller Interface driver
[    0.591853] i8042: PNP: PS/2 Controller [PNP0303:PS2K,PNP0f03:PS2M] at 0x60,0x64 irq 1,12
[    0.593483] serio: i8042 KBD port at 0x60,0x64 irq 1
[    0.594337] serio: i8042 AUX port at 0x60,0x64 irq 12
[    0.595074] mousedev: PS/2 mouse device common for all mice
[    0.596117] input: AT Translated Set 2 keyboard as /devices/platform/i8042/serio0/input/input2
[    0.597812] rtc_cmos rtc_cmos: rtc core: registered rtc_cmos as rtc0
[    0.598786] rtc_cmos rtc_cmos: alarms up to one day, 114 bytes nvram
[    0.599682] i2c /dev entries driver
[    0.600321] device-mapper: uevent: version 1.0.3
[    0.601031] device-mapper: ioctl: 4.37.0-ioctl (2017-09-20) initialised: dm-devel@redhat.com
[    0.602328] ledtrig-cpu: registered to indicate activity on CPUs
[    0.603335] intel_pmc_core:  initialized
[    0.604076] NET: Registered protocol family 10
[    0.607406] Segment Routing with IPv6
[    0.608239] NET: Registered protocol family 17
[    0.608888] Key type dns_resolver registered
[    0.609601] mce: Using 0 MCE banks
[    0.610165] RAS: Correctable Errors collector initialized.
[    0.610931] sched_clock: Marking stable (608217398, 0)->(742779742, -134562344)
[    0.612058] registered taskstats version 1
[    0.612817] Loading compiled-in X.509 certificates
[    0.615131] Loaded X.509 cert 'Build time autogenerated kernel key: 70c562671a3916277fe5fdc18b24b613b7a6fbd0'
[    0.617052] Loaded X.509 cert 'Canonical Ltd. Live Patch Signing: 14df34d1a87cf37625abec039ef2bf521249b969'
[    0.619207] Loaded X.509 cert 'Canonical Ltd. Kernel Module Signing: 88f752e560a1e0737e31163a466ad7b70a850c19'
[    0.620608] blacklist: Loading compiled-in revocation X.509 certificates
[    0.621659] Loaded X.509 cert 'Canonical Ltd. Secure Boot Signing: 61482aa2830d0ab2ad5af10b7250da9033ddcef0'
[    0.623504] zswap: loaded using pool lzo/zbud
[    0.627835] Key type big_key registered
[    0.628608] Key type trusted registered
[    0.630276] Key type encrypted registered
[    0.631023] AppArmor: AppArmor sha1 policy hashing enabled
[    0.631771] ima: No TPM chip found, activating TPM-bypass! (rc=-19)
[    0.632663] ima: Allocated hash algorithm: sha1
[    0.633427] evm: HMAC attrs: 0x1
[    0.634186]   Magic number: 2:338:531
[    0.634723] tty ttyS11: hash matches
[    0.635286] rtc_cmos rtc_cmos: setting system clock to 2022-04-08 12:32:24 UTC (1649421144)
[    0.636514] BIOS EDD facility v0.16 2004-Jun-25, 0 devices found
[    0.637775] EDD information not available.
[    0.779104] Freeing unused kernel image memory: 2468K
[    0.788058] Write protecting the kernel read-only data: 20480k
[    0.791163] Freeing unused kernel image memory: 2008K
[    0.792736] Freeing unused kernel image memory: 1820K
[    0.801492] x86/mm: Checked W+X mappings: passed, no W+X pages found.
[    0.802551] x86/mm: Checking user space page tables
[    0.809360] x86/mm: Checked W+X mappings: passed, no W+X pages found.
Loading, please wait...
starting version 237
[    0.904437] e1000: Intel(R) PRO/1000 Network Driver - version 7.3.21-k8-NAPI
[    0.905474] e1000: Copyright (c) 1999-2006 Intel Corporation.
[    0.909793] Fusion MPT base driver 3.04.20
[    0.910432] Copyright (c) 1999-2008 LSI Corporation
[    0.920177] Fusion MPT SPI Host driver 3.04.20
[    0.940137] AVX2 version of gcm_enc/dec engaged.
[    0.940990] AES CTR mode by8 optimization enabled
[    1.123075] input: ImExPS/2 Generic Explorer Mouse as /devices/platform/i8042/serio1/input/input4
[    1.303451] e1000 0000:00:03.0 eth0: (PCI:33MHz:32-bit) 02:27:94:89:a7:22
[    1.306870] e1000 0000:00:03.0 eth0: Intel(R) PRO/1000 Network Connection
[    1.310819] mptbase: ioc0: Initiating bringup
[    1.404550] ioc0: LSI53C1030 A0: Capabilities={Initiator}
[    1.648378] scsi host2: ioc0: LSI53C1030 A0, FwRev=00000000h, Ports=1, MaxQ=256, IRQ=20
[    1.821010] scsi 2:0:0:0: Direct-Access     VBOX     HARDDISK         1.0  PQ: 0 ANSI: 5
[    1.828703] scsi target2:0:0: Beginning Domain Validation
[    1.836936] random: fast init done
[    1.839114] scsi target2:0:0: Domain Validation skipping write tests
[    1.842614] scsi target2:0:0: Ending Domain Validation
[    1.845573] scsi target2:0:0: asynchronous
[    1.848924] scsi 2:0:1:0: Direct-Access     VBOX     HARDDISK         1.0  PQ: 0 ANSI: 5
[    1.851805] scsi target2:0:1: Beginning Domain Validation
[    1.854779] scsi target2:0:1: Domain Validation skipping write tests
[    1.856459] scsi target2:0:1: Ending Domain Validation
[    1.857892] scsi target2:0:1: asynchronous
[    1.864030] random: systemd-udevd: uninitialized urandom read (16 bytes read)
[    1.866222] random: systemd-udevd: uninitialized urandom read (16 bytes read)
[    1.867486] random: systemd-udevd: uninitialized urandom read (16 bytes read)
[    1.868991] sd 2:0:0:0: Attached scsi generic sg0 type 0
[    1.869884] sd 2:0:0:0: [sda] 83886080 512-byte logical blocks: (42.9 GB/40.0 GiB)
[    1.871157] sd 2:0:0:0: [sda] Write Protect is off
[    1.872021] sd 2:0:0:0: [sda] Incomplete mode parameter data
[    1.872945] sd 2:0:0:0: [sda] Assuming drive cache: write through
[    1.874108] sd 2:0:1:0: [sdb] 20480 512-byte logical blocks: (10.5 MB/10.0 MiB)
[    1.875145] sd 2:0:1:0: [sdb] Write Protect is off
[    1.875901] sd 2:0:1:0: [sdb] Incomplete mode parameter data
[    1.876697] sd 2:0:1:0: [sdb] Assuming drive cache: write through
[    1.877816] sd 2:0:1:0: Attached scsi generic sg1 type 0
[    1.935424]  sda: sda1
[    1.949482] sd 2:0:0:0: [sda] Attached SCSI disk
[    1.958203] sd 2:0:1:0: [sdb] Attached SCSI disk
[    2.215445] e1000 0000:00:08.0 eth1: (PCI:33MHz:32-bit) 08:00:27:4a:d6:3f
[    2.216671] e1000 0000:00:08.0 eth1: Intel(R) PRO/1000 Network Connection
[    2.218723] e1000 0000:00:08.0 enp0s8: renamed from eth1
[    2.221066] e1000 0000:00:03.0 enp0s3: renamed from eth0
Begin: Loading essential drivers ... [    3.625088] raid6: sse2x1   gen() 13590 MB/s
[    3.686344] raid6: sse2x1   xor()  9460 MB/s
[    3.755236] raid6: sse2x2   gen() 16814 MB/s
[    3.819911] raid6: sse2x2   xor() 10903 MB/s
[    3.890348] raid6: sse2x4   gen() 19512 MB/s
[    3.958844] raid6: sse2x4   xor() 11718 MB/s
[    4.026909] raid6: avx2x1   gen() 26184 MB/s
[    4.089779] raid6: avx2x1   xor() 16113 MB/s
[    4.151498] raid6: avx2x2   gen() 26389 MB/s
[    4.206405] raid6: avx2x2   xor() 19870 MB/s
[    4.264261] raid6: avx2x4   gen() 29101 MB/s
[    4.332511] raid6: avx2x4   xor() 22712 MB/s
[    4.333306] raid6: using algorithm avx2x4 gen() 29101 MB/s
[    4.334046] raid6: .... xor() 22712 MB/s, rmw enabled
[    4.334734] raid6: using avx2x2 recovery algorithm
[    4.337294] xor: automatically using best checksumming function   avx       
[    4.339652] async_tx: api initialized (async)
done.
Begin: Running /scripts/init-premount ... done.
Begin: Mounting root file system ... Begin: Running /scripts/local-top ... done.
Begin: Running /scripts/local-premount ... [    4.389645] Btrfs loaded, crc32c=crc32c-intel
Scanning for Btrfs filesystems
done.
Warning: fsck not present, so skipping root file system
[    4.449093] EXT4-fs (sda1): mounted filesystem with ordered data mode. Opts: (null)
done.
Begin: Running /scripts/local-bottom ... done.
Begin: Running /scripts/init-bottom ... done.
[    5.451405] ip_tables: (C) 2000-2006 Netfilter Core Team
[    5.560398] systemd[1]: systemd 237 running in system mode. (+PAM +AUDIT +SELINUX +IMA +APPARMOR +SMACK +SYSVINIT +UTMP +LIBCRYPTSETUP +GCRYPT +GNUTLS +ACL +XZ +LZ4 +SECCOMP +BLKID +ELFUTILS +KMOD -IDN2 +IDN -PCRE2 default-hierarchy=hybrid)
[    5.571784] systemd[1]: Detected virtualization oracle.
[    5.574766] systemd[1]: Detected architecture x86-64.

Welcome to [1mUbuntu 18.04.6 LTS[0m!

[    5.604030] systemd[1]: Set hostname to <ubuntu>.
[    5.631288] systemd[1]: Initializing machine ID from random generator.
[    5.634877] systemd[1]: Installed transient /etc/machine-id file.
[    6.417794] random: crng init done
[    6.420167] random: 7 urandom warning(s) missed due to ratelimiting
[    7.414966] systemd[1]: Created slice User and Session Slice.
[[0;32m  OK  [0m] Created slice User and Session Slice.
[    7.422578] systemd[1]: Created slice System Slice.
[[0;32m  OK  [0m] Created slice System Slice.
[    7.427292] systemd[1]: Listening on fsck to fsckd communication Socket.
[[0;32m  OK  [0m] Listening on fsck to fsckd communication Socket.
[    7.433175] systemd[1]: Reached target Swap.
[[0;32m  OK  [0m] Reached target Swap.
[[0;32m  OK  [0m] Listening on /dev/initctl Compatibility Named Pipe.
[[0;32m  OK  [0m] Listening on udev Kernel Socket.
[[0;32m  OK  [0m] Reached target Slices.
[[0;32m  OK  [0m] Listening on LVM2 poll daemon socket.
[[0;32m  OK  [0m] Listening on Journal Audit Socket.
[[0;32m  OK  [0m] Reached target User and Group Name Lookups.
[[0;32m  OK  [0m] Set up automount Arbitrary Executab…rmats File System Automount Point.
[[0;32m  OK  [0m] Listening on Syslog Socket.
[[0;32m  OK  [0m] Listening on Journal Socket.
         Starting Uncomplicated firewall...
         Starting Create list of required st…ce nodes for the current kernel...
         Mounting Huge Pages File System...
[[0;32m  OK  [0m] Listening on Network Service Netlink Socket.
[[0;32m  OK  [0m] Reached target System Time Synchronized.
         Starting Set the console keyboard layout...
[[0;32m  OK  [0m] Listening on Journal Socket (/dev/log).
         Starting Journal Service...
         Mounting POSIX Message Queue File System...
         Starting Load Kernel Modules...
[[0;32m  OK  [0m] Listening on udev Control Socket.
         Starting udev Coldplug all Devices...
         Mounting Kernel Debug File System...
[[0;32m  OK  [0m] Started Forward Password Requests to Wall Directory Watch.
         Starting File System Check on Root Device...
[[0;32m  OK  [0m] Listening on Device-mapper event daemon FIFOs.
[[0;32m  OK  [0m] Created slice system-serial\x2dgetty.slice.
[[0;32m  OK  [0m] Listening on LVM2 metadata daemon socket.
         Starting Monitoring of LVM2 mirrors…ng dmeventd or progress polling...
[[0;32m  OK  [0m] Started Uncomplicated firewall.
[[0;32m  OK  [0m] Started Create list of required sta…vice nodes for the current kernel.
[[0;32m  OK  [0m] Mounted Huge Pages File System.
[[0;32m  OK  [0m] Mounted POSIX Message Queue File System.
[[0;32m  OK  [0m] Mounted Kernel Debug File System.
         Starting Create Static Device Nodes in /dev...
[    7.751556] Loading iSCSI transport class v2.0-870.
[[0;32m  OK  [0m] Started File System Check Daemon to report status.
[[0;32m  OK  [0m] Started Journal Service.
[[0;32m  OK  [0m] Started udev Coldplug all Devices.
[    8.039343] iscsi: registered transport (tcp)
[[0;32m  OK  [0m] Started File System Check on Root Device.
         Starting Remount Root and Kernel File Systems...
[[0;32m  OK  [0m] Started Set the console keyboard layout.
[    8.326585] iscsi: registered transport (iser)
[[0;32m  OK  [0m] Started Load Kernel Modules.
         Starting Apply Kernel Variables...
         Mounting FUSE Control File System...
         Mounting Kernel Configuration File System...
[[0;32m  OK  [0m] Mounted FUSE Control File System.
[[0;32m  OK  [0m] Mounted Kernel Configuration File System.
[    8.349781] EXT4-fs (sda1): re-mounted. Opts: (null)
[[0;32m  OK  [0m] Started Remount Root and Kernel File Systems.
         Starting Flush Journal to Persistent Storage...
         Starting Load/Save Random Seed...
[[0;32m  OK  [0m] Started Create Static Device Nodes in /dev.
         Starting udev Kernel Device Manager...
[[0;32m  OK  [0m] Started LVM2 metadata daemon.
[[0;32m  OK  [0m] Started Apply Kernel Variables.
[[0;32m  OK  [0m] Started Load/Save Random Seed.
[[0;32m  OK  [0m] Started udev Kernel Device Manager.
[[0;32m  OK  [0m] Started Dispatch Password Requests to Console Directory Watch.
[[0;32m  OK  [0m] Reached target Local Encrypted Volumes.
[[0;32m  OK  [0m] Started Flush Journal to Persistent Storage.
[[0;32m  OK  [0m] Started Monitoring of LVM2 mirrors,…sing dmeventd or progress polling.
[[0;32m  OK  [0m] Reached target Local File Systems (Pre).
[[0;32m  OK  [0m] Reached target Local File Systems.
         Starting AppArmor initialization...
         Starting ebtables ruleset management...
         Starting Set console font and keymap...
         Starting Tell Plymouth To Write Out Runtime Data...
         Starting Commit a transient machine-id on disk...
         Starting Create Volatile Files and Directories...
[[0;32m  OK  [0m] Started Set console font and keymap.
[[0;32m  OK  [0m] Started Tell Plymouth To Write Out Runtime Data.
[[0;32m  OK  [0m] Started Commit a transient machine-id on disk.
[[0;32m  OK  [0m] Started Create Volatile Files and Directories.
         Starting Update UTMP about System Boot/Shutdown...
[[0;32m  OK  [0m] Started Update UTMP about System Boot/Shutdown.
[[0;32m  OK  [0m] Started ebtables ruleset management.
[[0;32m  OK  [0m] Found device /dev/ttyS0.
[[0;32m  OK  [0m] Listening on Load/Save RF Kill Switch Status /dev/rfkill Watch.
[[0;32m  OK  [0m] Started AppArmor initialization.
         Starting Load AppArmor profiles managed internally by snapd...
         Starting Initial cloud-init job (pre-networking)...
[[0;32m  OK  [0m] Started Load AppArmor profiles managed internally by snapd.
[   15.944919] cloud-init[552]: Cloud-init v. 22.1-14-g2e17a0d6-0ubuntu1~18.04.3 running 'init-local' at Fri, 08 Apr 2022 12:32:39 +0000. Up 15.24 seconds.
[[0;32m  OK  [0m] Started Initial cloud-init job (pre-networking).
[[0;32m  OK  [0m] Reached target Network (Pre).
         Starting Network Service...
[[0;32m  OK  [0m] Started Network Service.
         Starting Network Name Resolution...
         Starting Wait for Network to be Configured...
[[0;32m  OK  [0m] Started Network Name Resolution.
[[0;32m  OK  [0m] Reached target Network.
[[0;32m  OK  [0m] Reached target Host and Network Name Lookups.
[[0;32m  OK  [0m] Started Wait for Network to be Configured.
         Starting Initial cloud-init job (metadata service crawler)...
[   19.041243] cloud-init[669]: Cloud-init v. 22.1-14-g2e17a0d6-0ubuntu1~18.04.3 running 'init' at Fri, 08 Apr 2022 12:32:41 +0000. Up 17.91 seconds.
[   19.044665] cloud-init[669]: ci-info: ++++++++++++++++++++++++++++++++++++++Net device info+++++++++++++++++++++++++++++++++++++++
[   19.047542] cloud-init[669]: ci-info: +--------+-------+----------------------------+---------------+--------+-------------------+
[   19.049029] cloud-init[669]: ci-info: | Device |   Up  |          Address           |      Mask     | Scope  |     Hw-Address    |
[   19.052118] cloud-init[669]: ci-info: +--------+-------+----------------------------+---------------+--------+-------------------+
[   19.056198] cloud-init[669]: ci-info: | enp0s3 |  True |         10.0.2.15          | 255.255.255.0 | global | 02:27:94:89:a7:22 |
[   19.057329] cloud-init[669]: ci-info: | enp0s3 |  True | fe80::27:94ff:fe89:a722/64 |       .       |  link  | 02:27:94:89:a7:22 |
[   19.058470] cloud-init[669]: ci-info: | enp0s8 | False |             .              |       .       |   .    | 08:00:27:4a:d6:3f |
[   19.059702] cloud-init[669]: ci-info: |   lo   |  True |         127.0.0.1          |   255.0.0.0   |  host  |         .         |
[   19.064455] cloud-init[669]: ci-info: |   lo   |  True |          ::1/128           |       .       |  host  |         .         |
[   19.065596] cloud-init[669]: ci-info: +--------+-------+----------------------------+---------------+--------+-------------------+
[   19.066693] cloud-init[669]: ci-info: ++++++++++++++++++++++++++++Route IPv4 info+++++++++++++++++++++++++++++
[   19.067735] cloud-init[669]: ci-info: +-------+-------------+----------+-----------------+-----------+-------+
[   19.068773] cloud-init[669]: ci-info: | Route | Destination | Gateway  |     Genmask     | Interface | Flags |
[   19.069742] cloud-init[669]: ci-info: +-------+-------------+----------+-----------------+-----------+-------+
[   19.070690] cloud-init[669]: ci-info: |   0   |   0.0.0.0   | 10.0.2.2 |     0.0.0.0     |   enp0s3  |   UG  |
[   19.071539] cloud-init[669]: ci-info: |   1   |   10.0.2.0  | 0.0.0.0  |  255.255.255.0  |   enp0s3  |   U   |
[   19.072583] cloud-init[669]: ci-info: |   2   |   10.0.2.2  | 0.0.0.0  | 255.255.255.255 |   enp0s3  |   UH  |
[   19.073394] cloud-init[669]: ci-info: +-------+-------------+----------+-----------------+-----------+-------+
[   19.074204] cloud-init[669]: ci-info: +++++++++++++++++++Route IPv6 info+++++++++++++++++++
[   19.074880] cloud-init[669]: ci-info: +-------+-------------+---------+-----------+-------+
[   19.075580] cloud-init[669]: ci-info: | Route | Destination | Gateway | Interface | Flags |
[   19.076308] cloud-init[669]: ci-info: +-------+-------------+---------+-----------+-------+
[   19.088111] cloud-init[669]: ci-info: |   1   |  fe80::/64  |    ::   |   enp0s3  |   U   |
[   19.089112] cloud-init[669]: ci-info: |   3   |    local    |    ::   |   enp0s3  |   U   |
[   19.090010] cloud-init[669]: ci-info: |   4   |   ff00::/8  |    ::   |   enp0s3  |   U   |
[   19.094764] cloud-init[669]: ci-info: +-------+-------------+---------+-----------+-------+
[   20.693284] cloud-init[669]: Generating public/private rsa key pair.
[   20.693917] cloud-init[669]: Your identification has been saved in /etc/ssh/ssh_host_rsa_key.
[   20.694719] cloud-init[669]: Your public key has been saved in /etc/ssh/ssh_host_rsa_key.pub.
[   20.695439] cloud-init[669]: The key fingerprint is:
[   20.696089] cloud-init[669]: SHA256:Eo4jpLyGEXS94/EF4f4eCNqntUQaw3hcCEESAkvsgm0 root@ubuntu-bionic
[   20.700196] cloud-init[669]: The key's randomart image is:
[   20.724548] cloud-init[669]: +---[RSA 2048]----+
[   20.725456] cloud-init[669]: |==o=o  ..        |
[   20.726240] cloud-init[669]: |+oo ..o.         |
[   20.726878] cloud-init[669]: |=..  .oo.        |
[   20.728128] cloud-init[669]: |+=E +*o. .       |
[   20.732217] cloud-init[669]: |+o..+B*oS        |
[   20.732895] cloud-init[669]: |....+o*oo        |
[   20.752403] cloud-init[669]: |.o . o = o       |
[   20.754008] cloud-init[669]: |.     = o .      |
[   20.754736] cloud-init[669]: |     . . .       |
[   20.755149] cloud-init[669]: +----[SHA256]-----+
[   20.755834] cloud-init[669]: Generating public/private dsa key pair.
[   20.756723] cloud-init[669]: Your identification has been saved in /etc/ssh/ssh_host_dsa_key.
[   20.758987] cloud-init[669]: Your public key has been saved in /etc/ssh/ssh_host_dsa_key.pub.
[   20.759545] cloud-init[669]: The key fingerprint is:
[[0;32m  OK  [0m] Started Initial cloud-init job (metadata service crawler).
[[0;32m  OK  [0m] Reached target System Initialization.
[[0;32m  OK  [0m] Listening on ACPID Listen Socket.
[[0;32m  OK  [0m] Started Daily Cleanup of Temporary Directories.
[   20.771183] cloud-init[669]: SHA256:rrHRZ1VOYNErQY04aIfT6UwFhdpE6EtTFXGFDp77SVA root@ubuntu-bionic
[   20.782562] cloud-init[669]: The key's randomart image is:
[   20.782913] cloud-init[669]: +---[DSA 1024]----+
[   20.783970] cloud-init[669]: |         *oX@B.o.|
[   20.784562] cloud-init[669]: |        * @.+oE  |
[   20.785224] cloud-init[669]: |       o @ o *o. |
[   20.787314] cloud-init[669]: |        = + =+o  |
         Starting LXD - unix socket.
[   20.799295] cloud-init[669]: |       .So  .+.  |
[   20.800675] cloud-init[669]: |       o.  .. .  |
[[0;32m  OK  [0m] Listening on Open-iSCSI iscsid Socket.[   20.803177] cloud-init[669]: |      o o o  o . |
[   20.803443] cloud-init[669]: |       = o    o  |
[   20.803832] cloud-init
[669]: |      o          |
[   20.804644] cloud-init[669]: +----[SHA256]-----+
[   20.807716] cloud-init[669]: Generating public/private ecdsa key pair.
[[0;32m  OK  [0m] Started ACPI Events Check.
[[0;32m  OK  [0m[   20.823661] cloud-init[669]: Your identification has been saved in /etc/ssh/ssh_host_ecdsa_key.
[   20.824963] cloud-init[669]: Your public key has been saved in /etc/ssh/ssh_host_ecdsa_key.pub.
[   20.825208] cloud-init[669]: The key fingerprint is:
[   20.825973] cloud-init[669]: SHA256:x+NZVLrpj+zji4Drr7ztkcl2vjf2hqsYzkMel5TiOjA root@ubuntu-bionic
[   20.826598] cloud-init[669]: The key's randomart image is:
[   20.826931] cloud-init[669]: +---[ECDSA 256]---+
[   20.827776] cloud-init[669]: |              .  |
] Listening on UUID daemon activation socket.
[[0;32m  OK  [0m] Listening on cloud-init hotplug hook socket.
[[0;32m  OK  [0m] Listening on D-Bus System Message Bus Socket.
[[0;32m  OK  [0m] Started Message of the Day.
[[0;32m  OK  [0m] Started Daily apt download activities.
[[0;32m  OK  [0m] Started Daily apt upgrade and clean activities.
[[0;32m  OK  [0m] Started Discard unused blocks once a week.
[   20.828574] cloud-init[669]: |             o   |
[   20.846488] cloud-init[669]: |           .o    |
[[0;32m  OK  [0m] Started Ubuntu Advantage Timer for running repeated jobs.
[[0;32m  OK  [0m] Reached target Timers.
[   20.847738] [[0;32m  OK  [0m] Started Trigger to poll for Ubuntu …(Only enabled on GCP LTS non-pro).
[[0;32m  OK  [0m] Reached target Paths.
         Starting Socket activation for snappy daemon.
[[0;32m  OK  [0m] Reached target Network is Online.
cloud-init[669]: |        ..o. o   |
[   20.858179] cloud-init[669]: |       .So+.+    |
[   20.858680] cloud-init[669]: |    E  o+=o=     |
[   20.859380] cloud-init[669]: |     o.+Oo+ ..   |
[   20.860129] cloud-init[669]: |     .o*oB o*o.  |
         [   20.884695] cloud-init[669]: |     .**B.=BBBo  |
[   20.885082] cloud-init[669]: +----[SHA256]-----+
[   20.885756] cloud-init[669]: Generating public/private ed25519 key pair.
[   20.886521] cloud-init[669]: Your identification has been saved in /etc/ssh/ssh_host_ed25519_key.
[   20.887060] cloud-init[669]: Your public key has been saved in /etc/ssh/ssh_host_ed25519_key.pub.
[   20.887570] cloud-initStarting Availability of block devices...
[[0;32m  OK  [0m] Reached target Remote File Systems (Pre).
[[0;32m  OK  [0m] Reached target Remote File Systems.
[[0;32m  OK  [0m] Reached target Cloud-config availability.
[[0;32m  OK  [0m] Listening on LXD - unix socket.
[[0;32m  OK  [0m[669]: The key fingerprint is:
[   20.892628] cloud-init[669]: SHA256:gwBcM6WDJM0LwVDpY47TR3DwsvmwnWQ7uqE5BtiXbaE root@ubuntu-bionic
[   20.893652] cloud-init[669]: The key's randomart image is:
[   20.894367] cloud-init[669]: +--[ED25519 256]--+
[   20.895047] cloud-init[669]: |**=++..          |
[   20.895702] cloud-init[669]: |.+*+.+           |] Listening on Socket activation for snappy daemon.
[[0;32m  OK  [0m] Reached target Sockets.
[[0;32m  OK  [0m] Reached target Basic System.
[[0;32m  OK  [0m] Started FUSE filesystem for LXC.

[   20.900267] cloud-init[669]: | oo+=            |
[   20.901523] cloud-init[669]: |  =+.o..         |
         Starting Permit User Sessions...[   20.912551] 
cloud-init[669]: |.*+oo+..S        |
[   20.914948] cloud-init[669]: |= +BEoo  .       |
[[0;32m  OK  [0m] Started D-Bus System Message Bus.
[   20.918602] cloud-init[669]: |..oo*.           |
[   20.921297] cloud-init[669]: |.+ o .           |
[   20.922480] cloud-init[669]: |+.o.             |
[   20.923463] cloud-init[669]: +----[SHA256]-----+
[[0;32m  OK  [0m] Started irqbalance daemon.
[[0;32m  OK  [0m] Started Regular background program processing daemon.
[[0;32m  OK  [0m] Started Deferred execution scheduler.
         Starting LSB: Record successful boot for GRUB...
         Starting Snap Daemon...
         Starting Virtualbox guest utils...
         Starting Accounts Service...
         Starting LSB: automatic crash report generation...
         Starting Dispatcher daemon for systemd-networkd...
         Starting Pollinate to seed the pseudo random number generator...
         Starting Login Service...
         Starting System Logging Service...
         Starting LXD - container startup/shutdown...
[[0;32m  OK  [0m] Started Availability of block devices.
[[0;32m  OK  [0m] Started Permit User Sessions.
         Starting Hold until boot process finishes up...
         Starting Terminate Plymouth Boot Screen...
[[0;32m  OK  [0m] Started Hold until boot process finishes up.
[[0;32m  OK  [0m] Started Serial Getty on ttyS0.
         Starting Set console scheme...
[[0;32m  OK  [0m] Started Terminate Plymouth Boot Screen.
[[0;32m  OK  [0m] Started Set console scheme.
[[0;32m  OK  [0m] Created slice system-getty.slice.
[[0;32m  OK  [0m] Started Getty on tty1.
[[0;32m  OK  [0m] Reached target Login Prompts.
[[0;32m  OK  [0m] Started Login Service.
[[0;32m  OK  [0m] Started Unattended Upgrades Shutdown.
[[0;32m  OK  [0m] Started LSB: automatic crash report generation.
[[0;32m  OK  [0m] Started LSB: Record successful boot for GRUB.
[[0;32m  OK  [0m] Started System Logging Service.
         Starting Authorization Manager...
[[0;32m  OK  [0m] Started Virtualbox guest utils.
[[0;32m  OK  [0m] Started Authorization Manager.
[[0;32m  OK  [0m] Started Accounts Service.
[[0;32m  OK  [0m] Started Dispatcher daemon for systemd-networkd.
[[0;32m  OK  [0m] Started LXD - container startup/shutdown.
[[0;32m  OK  [0m] Started Snap Daemon.
         Starting Wait until snapd is fully seeded...

Ubuntu 18.04.6 LTS ubuntu-bionic ttyS0

ubuntu-bionic login: [   32.457439] cloud-init[1349]: Cloud-init v. 22.1-14-g2e17a0d6-0ubuntu1~18.04.3 running 'modules:config' at Fri, 08 Apr 2022 12:32:53 +0000. Up 29.55 seconds.
ci-info: no authorized SSH keys fingerprints found for user ubuntu.
<14>Apr  8 12:32:57 cloud-init: #############################################################
<14>Apr  8 12:32:57 cloud-init: -----BEGIN SSH HOST KEY FINGERPRINTS-----
<14>Apr  8 12:32:57 cloud-init: 1024 SHA256:rrHRZ1VOYNErQY04aIfT6UwFhdpE6EtTFXGFDp77SVA root@ubuntu-bionic (DSA)
<14>Apr  8 12:32:57 cloud-init: 256 SHA256:x+NZVLrpj+zji4Drr7ztkcl2vjf2hqsYzkMel5TiOjA root@ubuntu-bionic (ECDSA)
<14>Apr  8 12:32:57 cloud-init: 256 SHA256:gwBcM6WDJM0LwVDpY47TR3DwsvmwnWQ7uqE5BtiXbaE root@ubuntu-bionic (ED25519)
<14>Apr  8 12:32:57 cloud-init: 2048 SHA256:Eo4jpLyGEXS94/EF4f4eCNqntUQaw3hcCEESAkvsgm0 root@ubuntu-bionic (RSA)
<14>Apr  8 12:32:57 cloud-init: -----END SSH HOST KEY FINGERPRINTS-----
<14>Apr  8 12:32:57 cloud-init: #############################################################
-----BEGIN SSH HOST KEY KEYS-----
ecdsa-sha2-nistp256 AAAAE2VjZHNhLXNoYTItbmlzdHAyNTYAAAAIbmlzdHAyNTYAAABBBB3k9NwtGiKFfVfiZ+vLDEcJLiHnQtZGSG27yTC+SBTo9tPXXAmq+LgilpjS5n/bSe7RnN845NfD+1q8RQpIsOU= root@ubuntu-bionic
ssh-ed25519 AAAAC3NzaC1lZDI1NTE5AAAAIGuzIkMPGZ3WLMBvryouCLJXsT6sOXtO3hLkq95Dc6/t root@ubuntu-bionic
ssh-rsa AAAAB3NzaC1yc2EAAAADAQABAAABAQCp7eKgqXBJHgjFw8As3TFaVnxNvKz145bpQHaYFGP9Cawu9ZL7YeGGcd5O09bjKbhLap54fgC94Z4SY6qME4+ZR/0qbpb4vMZInHd33xQ3FVF99xsumCo/6YB8mvAWGTkPAwH0Rna1qRbrtnPSGJpou+Y5XCR5KZzBPXS74sXbmKoFBQEqKJfllG/dkZUKH89KVNScbQWkdwbnO9sqITrRMaWJQO92dxN2vWSoHf9n1mJzMbJwFBHqzOxIL+ia914hq3ZjRuT8Oe+OfjM+9sva2nwD7j6HJcvuXH9Vd4AKtJHaclTrUH2O1PFHSTEfFw42JKdL3HbwR+romZmwExj1 root@ubuntu-bionic
-----END SSH HOST KEY KEYS-----
[   33.451767] cloud-init[1471]: Cloud-init v. 22.1-14-g2e17a0d6-0ubuntu1~18.04.3 running 'modules:final' at Fri, 08 Apr 2022 12:32:56 +0000. Up 33.05 seconds.
[   33.456656] cloud-init[1471]: Cloud-init v. 22.1-14-g2e17a0d6-0ubuntu1~18.04.3 finished at Fri, 08 Apr 2022 12:32:57 +0000. Datasource DataSourceNoCloud [seed=/dev/sdb][dsmode=net].  Up 33.43 seconds
